  RedUp.cpp
c:\users\gaming\documents\github\pandoras_box_raiden\raiden project\path.h(65): warning C4018: '<': signed/unsigned mismatch
c:\users\gaming\documents\github\pandoras_box_raiden\raiden project\path.h(69): warning C4018: '>=': signed/unsigned mismatch
c:\users\gaming\documents\github\pandoras_box_raiden\raiden project\redup.cpp(13): warning C4305: '=': truncation from 'double' to 'float'
  ModulePowerUps.cpp
c:\users\gaming\documents\github\pandoras_box_raiden\raiden project\path.h(65): warning C4018: '<': signed/unsigned mismatch
c:\users\gaming\documents\github\pandoras_box_raiden\raiden project\path.h(69): warning C4018: '>=': signed/unsigned mismatch
  BlueUp.cpp
c:\users\gaming\documents\github\pandoras_box_raiden\raiden project\path.h(65): warning C4018: '<': signed/unsigned mismatch
c:\users\gaming\documents\github\pandoras_box_raiden\raiden project\path.h(69): warning C4018: '>=': signed/unsigned mismatch
c:\users\gaming\documents\github\pandoras_box_raiden\raiden project\blueup.cpp(13): warning C4305: '=': truncation from 'double' to 'float'
  Generating Code...
  Compiling...
  PowerUp.cpp
c:\users\gaming\documents\github\pandoras_box_raiden\raiden project\path.h(65): warning C4018: '<': signed/unsigned mismatch
c:\users\gaming\documents\github\pandoras_box_raiden\raiden project\path.h(69): warning C4018: '>=': signed/unsigned mismatch
  Medals.cpp
c:\users\gaming\documents\github\pandoras_box_raiden\raiden project\path.h(65): warning C4018: '<': signed/unsigned mismatch
c:\users\gaming\documents\github\pandoras_box_raiden\raiden project\path.h(69): warning C4018: '>=': signed/unsigned mismatch
  Generating Code...
  LINK : C:\Users\Gaming\Documents\GitHub\Pandoras_Box_Raiden\Raiden Project\Debug\SDL3 Handout.exe not found or not built by the last incremental link; performing full link
  SDL Game.vcxproj -> C:\Users\Gaming\Documents\GitHub\Pandoras_Box_Raiden\Raiden Project\Debug\SDL3 Handout.exe
  SDL Game.vcxproj -> C:\Users\Gaming\Documents\GitHub\Pandoras_Box_Raiden\Raiden Project\Debug\SDL3 Handout.pdb (Full PDB)
