c:\users\lucasgm\documents\github\pandoras_box_raiden\raiden project\debug\vc140.pdb
c:\users\lucasgm\documents\github\pandoras_box_raiden\raiden project\debug\vc140.idb
c:\users\lucasgm\documents\github\pandoras_box_raiden\raiden project\debug\modulecollision.obj
c:\users\lucasgm\documents\github\pandoras_box_raiden\raiden project\debug\modulefonts.obj
c:\users\lucasgm\documents\github\pandoras_box_raiden\raiden project\debug\moduleinput.obj
c:\users\lucasgm\documents\github\pandoras_box_raiden\raiden project\debug\moduleparticles.obj
c:\users\lucasgm\documents\github\pandoras_box_raiden\raiden project\debug\moduleplayer.obj
c:\users\lucasgm\documents\github\pandoras_box_raiden\raiden project\debug\moduleplayer2.obj
c:\users\lucasgm\documents\github\pandoras_box_raiden\raiden project\debug\modulepowerups.obj
c:\users\lucasgm\documents\github\pandoras_box_raiden\raiden project\debug\modulerender.obj
c:\users\lucasgm\documents\github\pandoras_box_raiden\raiden project\debug\modulestageclear1.obj
c:\users\lucasgm\documents\github\pandoras_box_raiden\raiden project\debug\moduletextures.obj
c:\users\lucasgm\documents\github\pandoras_box_raiden\raiden project\debug\modulewindow.obj
c:\users\lucasgm\documents\github\pandoras_box_raiden\raiden project\debug\modulemap1.obj
c:\users\lucasgm\documents\github\pandoras_box_raiden\raiden project\debug\modulemap2.obj
c:\users\lucasgm\documents\github\pandoras_box_raiden\raiden project\debug\modulewelcomescreen.obj
c:\users\lucasgm\documents\github\pandoras_box_raiden\raiden project\debug\modulefadetoblack.obj
c:\users\lucasgm\documents\github\pandoras_box_raiden\raiden project\debug\moduleenemies.obj
c:\users\lucasgm\documents\github\pandoras_box_raiden\raiden project\debug\enemy.obj
c:\users\lucasgm\documents\github\pandoras_box_raiden\raiden project\debug\powerup.obj
c:\users\lucasgm\documents\github\pandoras_box_raiden\raiden project\debug\redup.obj
c:\users\lucasgm\documents\github\pandoras_box_raiden\raiden project\debug\tank.obj
c:\users\lucasgm\documents\github\pandoras_box_raiden\raiden project\debug\application.obj
c:\users\lucasgm\documents\github\pandoras_box_raiden\raiden project\debug\enemy_bonus_ship.obj
c:\users\lucasgm\documents\github\pandoras_box_raiden\raiden project\debug\enemy_light_shooter.obj
c:\users\lucasgm\documents\github\pandoras_box_raiden\raiden project\debug\globals.obj
c:\users\lucasgm\documents\github\pandoras_box_raiden\raiden project\debug\main.obj
c:\users\lucasgm\documents\github\pandoras_box_raiden\raiden project\debug\moduleaudio_1.obj
c:\users\lucasgm\documents\github\pandoras_box_raiden\raiden project\debug\moduleaudio_2.obj
c:\users\lucasgm\documents\github\pandoras_box_raiden\raiden project\debug\sdl3 handout.ilk
c:\users\lucasgm\documents\github\pandoras_box_raiden\raiden project\debug\sdl3 handout.exe
c:\users\lucasgm\documents\github\pandoras_box_raiden\raiden project\debug\sdl3 handout.pdb
c:\users\lucasgm\documents\github\pandoras_box_raiden\raiden project\debug\sdl3 handout.res
c:\users\lucasgm\documents\github\pandoras_box_raiden\raiden project\debug\moduleaudio.obj
c:\users\lucasgm\documents\github\pandoras_box_raiden\raiden project\debug\moduleenemy.obj
c:\users\lucasgm\documents\github\pandoras_box_raiden\raiden project\debug\module_map_1.obj
c:\users\lucasgm\documents\github\pandoras_box_raiden\raiden project\debug\turret.obj
c:\users\lucasgm\documents\github\pandoras_box_raiden\raiden project\debug\welcomescreen.obj
c:\users\lucasgm\documents\github\pandoras_box_raiden\raiden project\debug\enemy_bonus_ship.obj.enc
c:\users\lucasgm\documents\github\pandoras_box_raiden\raiden project\debug\enemy_light_shooter.obj.enc
c:\users\lucasgm\documents\github\pandoras_box_raiden\raiden project\debug\moduleaudio_1.obj.enc
c:\users\lucasgm\documents\github\pandoras_box_raiden\raiden project\debug\moduleaudio_2.obj.enc
c:\users\lucasgm\documents\github\pandoras_box_raiden\raiden project\debug\modulecollision.obj.enc
c:\users\lucasgm\documents\github\pandoras_box_raiden\raiden project\debug\moduleenemies.obj.enc
c:\users\lucasgm\documents\github\pandoras_box_raiden\raiden project\debug\moduleparticles.obj.enc
c:\users\lucasgm\documents\github\pandoras_box_raiden\raiden project\debug\modulerender.obj.enc
c:\users\lucasgm\documents\github\pandoras_box_raiden\raiden project\debug\vc120.idb
c:\users\lucasgm\documents\github\pandoras_box_raiden\raiden project\debug\vc120.pdb
c:\users\lucasgm\documents\github\pandoras_box_raiden\raiden project\debug\sdl3 handout.tlog\cl.command.1.tlog
c:\users\lucasgm\documents\github\pandoras_box_raiden\raiden project\debug\sdl3 handout.tlog\cl.read.1.tlog
c:\users\lucasgm\documents\github\pandoras_box_raiden\raiden project\debug\sdl3 handout.tlog\cl.write.1.tlog
c:\users\lucasgm\documents\github\pandoras_box_raiden\raiden project\debug\sdl3 handout.tlog\link.command.1.tlog
c:\users\lucasgm\documents\github\pandoras_box_raiden\raiden project\debug\sdl3 handout.tlog\link.read.1.tlog
c:\users\lucasgm\documents\github\pandoras_box_raiden\raiden project\debug\sdl3 handout.tlog\link.write.1.tlog
c:\users\lucasgm\documents\github\pandoras_box_raiden\raiden project\debug\sdl3 handout.tlog\rc.command.1.tlog
c:\users\lucasgm\documents\github\pandoras_box_raiden\raiden project\debug\sdl3 handout.tlog\rc.read.1.tlog
c:\users\lucasgm\documents\github\pandoras_box_raiden\raiden project\debug\sdl3 handout.tlog\rc.write.1.tlog
